<?xml version="1.0" encoding="UTF-8"?>
<testsuite name="maze.GraphTest" tests="2" skipped="0" failures="0" errors="0" timestamp="2021-01-09T22:45:28" hostname="gd-ogra" time="0.051">
  <properties/>
  <testcase name="buildMST()" classname="maze.GraphTest" time="0.038"/>
  <testcase name="getTotalMSTWeight_Test()" classname="maze.GraphTest" time="0.009"/>
  <system-out><![CDATA[]]></system-out>
  <system-err><![CDATA[]]></system-err>
</testsuite>
