<?xml version="1.0" encoding="UTF-8"?>
<testsuite name="maze.GraphTest" tests="2" skipped="0" failures="0" errors="0" timestamp="2021-01-09T23:16:41" hostname="DESKTOP-8P93T89" time="0.01">
  <properties/>
  <testcase name="buildMST()" classname="maze.GraphTest" time="0.007"/>
  <testcase name="getTotalMSTWeight_Test()" classname="maze.GraphTest" time="0.002"/>
  <system-out><![CDATA[]]></system-out>
  <system-err><![CDATA[]]></system-err>
</testsuite>
