<?xml version="1.0" encoding="UTF-8"?>
<testsuite name="maze.MainTest" tests="1" skipped="0" failures="0" errors="0" timestamp="2021-01-03T22:41:34" hostname="DESKTOP-8P93T89" time="0.006">
  <properties/>
  <testcase name="method()" classname="maze.MainTest" time="0.006"/>
  <system-out><![CDATA[]]></system-out>
  <system-err><![CDATA[]]></system-err>
</testsuite>
